[INFO ] 2021-05-17 12:14:19.237 [main] Baseclass - URl is open
[INFO ] 2021-05-17 12:14:19.317 [main] Baseclass - Enter username
[INFO ] 2021-05-17 12:14:19.365 [main] Baseclass - Enter password
[INFO ] 2021-05-17 12:14:19.365 [main] Baseclass - Printing title
[INFO ] 2021-05-17 12:37:53.619 [main] Baseclass - URl is open
[INFO ] 2021-05-17 12:37:53.711 [main] Baseclass - Enter username
[INFO ] 2021-05-17 12:37:53.765 [main] Baseclass - Enter password
[INFO ] 2021-05-17 12:37:53.765 [main] Baseclass - Printing title
[INFO ] 2021-05-17 12:37:54.377 [main] Baseclass - Logintest failed
[INFO ] 2021-05-17 14:12:02.541 [main] Baseclass - URl is open
[INFO ] 2021-05-17 14:12:02.810 [main] Baseclass - Enter username
[INFO ] 2021-05-17 14:12:02.951 [main] Baseclass - Enter password
[INFO ] 2021-05-17 14:12:02.951 [main] Baseclass - Printing title
[INFO ] 2021-05-17 14:12:04.186 [main] Baseclass - Logintest failed
[INFO ] 2021-05-17 14:16:13.136 [main] Baseclass - URl is open
[INFO ] 2021-05-17 14:16:13.391 [main] Baseclass - Enter username
[INFO ] 2021-05-17 14:16:13.539 [main] Baseclass - Enter password
[INFO ] 2021-05-17 14:16:13.539 [main] Baseclass - Printing title
[INFO ] 2021-05-17 14:16:14.574 [main] Baseclass - Logintest failed
[INFO ] 2021-05-17 14:20:51.396 [main] Baseclass - URl is open
[INFO ] 2021-05-17 14:20:51.613 [main] Baseclass - Enter username
[INFO ] 2021-05-17 14:20:51.720 [main] Baseclass - Enter password
[INFO ] 2021-05-17 14:20:51.720 [main] Baseclass - Printing title
[INFO ] 2021-05-17 14:20:52.665 [main] Baseclass - Logintest failed
[INFO ] 2021-05-17 14:21:53.169 [main] Baseclass - URl is open
[INFO ] 2021-05-17 14:21:53.418 [main] Baseclass - Enter username
[INFO ] 2021-05-17 14:21:53.529 [main] Baseclass - Enter password
[INFO ] 2021-05-17 14:21:53.529 [main] Baseclass - Printing title
[INFO ] 2021-05-17 14:21:54.494 [main] Baseclass - Logintest failed
[INFO ] 2021-05-17 15:05:58.127 [main] Baseclass - URl is open
[INFO ] 2021-05-17 15:05:58.376 [main] Baseclass - Enter username
[INFO ] 2021-05-17 15:05:58.511 [main] Baseclass - Enter password
[INFO ] 2021-05-17 15:05:58.512 [main] Baseclass - Printing title
[INFO ] 2021-05-17 15:05:59.685 [main] Baseclass - Logintest failed
[INFO ] 2021-05-17 15:42:58.160 [main] Baseclass - URl is open
[INFO ] 2021-05-17 15:42:58.474 [main] Baseclass - Enter username
[INFO ] 2021-05-17 15:42:58.599 [main] Baseclass - Enter password
[INFO ] 2021-05-17 15:42:58.599 [main] Baseclass - Printing title
[INFO ] 2021-05-17 15:42:59.845 [main] Baseclass - Logintest failed
[INFO ] 2021-05-17 15:48:42.631 [main] Baseclass - URl is open
[INFO ] 2021-05-17 15:48:42.884 [main] Baseclass - Enter username
[INFO ] 2021-05-17 15:48:43.018 [main] Baseclass - Enter password
[INFO ] 2021-05-17 15:48:43.018 [main] Baseclass - Printing title
[INFO ] 2021-05-17 15:48:44.029 [main] Baseclass - Logintest failed
[INFO ] 2021-05-17 15:50:34.138 [main] Baseclass - URl is open
[INFO ] 2021-05-17 15:50:34.394 [main] Baseclass - Enter username
[INFO ] 2021-05-17 15:50:34.540 [main] Baseclass - Enter password
[INFO ] 2021-05-17 15:50:34.541 [main] Baseclass - Printing title
[INFO ] 2021-05-17 15:50:35.546 [main] Baseclass - Logintest failed
[INFO ] 2021-05-17 18:10:55.990 [main] Baseclass - username provided
[INFO ] 2021-05-17 18:10:56.090 [main] Baseclass - password provided
[INFO ] 2021-05-17 18:10:59.835 [main] Baseclass - Login passed
[INFO ] 2021-05-17 18:11:03.991 [main] Baseclass - username provided
[INFO ] 2021-05-17 18:11:04.177 [main] Baseclass - password provided
[INFO ] 2021-05-17 18:11:08.173 [main] Baseclass - username provided
[INFO ] 2021-05-17 18:11:08.363 [main] Baseclass - password provided
[INFO ] 2021-05-17 18:11:12.097 [main] Baseclass - Login passed
[INFO ] 2021-05-17 18:11:16.086 [main] Baseclass - username provided
[INFO ] 2021-05-17 18:11:16.272 [main] Baseclass - password provided
[INFO ] 2021-05-17 18:11:20.365 [main] Baseclass - username provided
[INFO ] 2021-05-17 18:11:20.554 [main] Baseclass - password provided
[INFO ] 2021-05-17 18:11:24.190 [main] Baseclass - Login passed
[INFO ] 2021-05-18 08:08:40.111 [main] Baseclass - username provided
[INFO ] 2021-05-18 08:08:40.260 [main] Baseclass - password provided
[INFO ] 2021-05-18 08:08:44.101 [main] Baseclass - Login passed
[INFO ] 2021-05-18 08:08:48.326 [main] Baseclass - username provided
[INFO ] 2021-05-18 08:08:48.511 [main] Baseclass - password provided
[INFO ] 2021-05-18 08:08:52.743 [main] Baseclass - username provided
[INFO ] 2021-05-18 08:08:52.965 [main] Baseclass - password provided
[INFO ] 2021-05-18 08:08:56.771 [main] Baseclass - Login passed
[INFO ] 2021-05-18 08:09:00.926 [main] Baseclass - username provided
[INFO ] 2021-05-18 08:09:01.117 [main] Baseclass - password provided
[INFO ] 2021-05-18 08:09:05.129 [main] Baseclass - username provided
[INFO ] 2021-05-18 08:09:05.323 [main] Baseclass - password provided
[INFO ] 2021-05-18 08:09:08.956 [main] Baseclass - Login passed
[INFO ] 2021-05-18 08:14:01.177 [main] Baseclass - username provided
[INFO ] 2021-05-18 08:14:01.316 [main] Baseclass - password provided
[INFO ] 2021-05-18 08:14:04.975 [main] Baseclass - Login passed
[INFO ] 2021-05-18 08:14:08.942 [main] Baseclass - username provided
[INFO ] 2021-05-18 08:14:09.157 [main] Baseclass - password provided
[INFO ] 2021-05-18 08:14:13.310 [main] Baseclass - username provided
[INFO ] 2021-05-18 08:14:13.520 [main] Baseclass - password provided
[INFO ] 2021-05-18 08:14:17.285 [main] Baseclass - Login passed
[INFO ] 2021-05-18 08:14:21.462 [main] Baseclass - username provided
[INFO ] 2021-05-18 08:14:21.639 [main] Baseclass - password provided
[INFO ] 2021-05-18 08:14:25.704 [main] Baseclass - username provided
[INFO ] 2021-05-18 08:14:25.899 [main] Baseclass - password provided
[INFO ] 2021-05-18 08:14:29.680 [main] Baseclass - Login passed
[INFO ] 2021-05-19 12:25:15.322 [main] Baseclass - username provided
[INFO ] 2021-05-19 12:25:15.399 [main] Baseclass - password provided
[INFO ] 2021-05-19 12:25:19.029 [main] Baseclass - Login passed
[INFO ] 2021-05-19 12:25:22.720 [main] Baseclass - username provided
[INFO ] 2021-05-19 12:25:22.786 [main] Baseclass - password provided
[INFO ] 2021-05-19 12:25:25.867 [main] Baseclass - Login passed
[INFO ] 2021-05-19 12:25:35.962 [main] Baseclass - username provided
[INFO ] 2021-05-19 12:25:36.006 [main] Baseclass - password provided
[INFO ] 2021-05-19 12:25:39.420 [main] Baseclass - Login passed
[INFO ] 2021-05-19 12:25:43.104 [main] Baseclass - username provided
[INFO ] 2021-05-19 12:25:43.146 [main] Baseclass - password provided
[INFO ] 2021-05-19 12:25:46.182 [main] Baseclass - Login passed
[INFO ] 2021-05-19 12:25:56.275 [main] Baseclass - username provided
[INFO ] 2021-05-19 12:25:56.311 [main] Baseclass - password provided
[INFO ] 2021-05-19 12:25:59.705 [main] Baseclass - Login passed
[INFO ] 2021-05-19 16:48:17.725 [main] Baseclass - username provided
[INFO ] 2021-05-19 16:48:17.774 [main] Baseclass - password provided
[INFO ] 2021-05-19 16:48:21.249 [main] Baseclass - Login passed
[INFO ] 2021-05-19 16:48:25.030 [main] Baseclass - username provided
[INFO ] 2021-05-19 16:48:25.072 [main] Baseclass - password provided
[INFO ] 2021-05-19 16:48:28.122 [main] Baseclass - Login passed
[INFO ] 2021-05-19 16:48:38.251 [main] Baseclass - username provided
[INFO ] 2021-05-19 16:48:38.295 [main] Baseclass - password provided
[INFO ] 2021-05-19 16:48:41.708 [main] Baseclass - Login passed
[INFO ] 2021-05-19 16:48:45.522 [main] Baseclass - username provided
[INFO ] 2021-05-19 16:48:45.559 [main] Baseclass - password provided
[INFO ] 2021-05-19 16:48:48.609 [main] Baseclass - Login passed
[INFO ] 2021-05-19 16:48:58.693 [main] Baseclass - username provided
[INFO ] 2021-05-19 16:48:58.735 [main] Baseclass - password provided
[INFO ] 2021-05-19 16:49:02.241 [main] Baseclass - Login passed
[INFO ] 2021-05-19 16:51:08.930 [main] Baseclass - username provided
[INFO ] 2021-05-19 16:51:08.976 [main] Baseclass - password provided
[INFO ] 2021-05-19 16:51:12.361 [main] Baseclass - Login passed
[INFO ] 2021-05-19 16:51:16.160 [main] Baseclass - username provided
[INFO ] 2021-05-19 16:51:16.200 [main] Baseclass - password provided
[INFO ] 2021-05-19 16:51:19.244 [main] Baseclass - Login passed
[INFO ] 2021-05-19 16:51:29.312 [main] Baseclass - username provided
[INFO ] 2021-05-19 16:51:29.356 [main] Baseclass - password provided
[INFO ] 2021-05-19 16:51:32.773 [main] Baseclass - Login passed
[INFO ] 2021-05-19 16:51:36.555 [main] Baseclass - username provided
[INFO ] 2021-05-19 16:51:36.592 [main] Baseclass - password provided
[INFO ] 2021-05-19 16:51:39.645 [main] Baseclass - Login passed
[INFO ] 2021-05-19 16:51:49.748 [main] Baseclass - username provided
[INFO ] 2021-05-19 16:51:49.779 [main] Baseclass - password provided
[INFO ] 2021-05-19 16:51:53.207 [main] Baseclass - Login passed
[INFO ] 2021-05-20 10:08:08.327 [main] Baseclass - username provided
[INFO ] 2021-05-20 10:08:08.457 [main] Baseclass - password provided
[INFO ] 2021-05-20 10:08:12.291 [main] Baseclass - Login passed
[INFO ] 2021-05-20 10:08:16.206 [main] Baseclass - username provided
[INFO ] 2021-05-20 10:08:16.330 [main] Baseclass - password provided
[WARN ] 2021-05-20 10:08:20.005 [main] Baseclass - Login failed
[INFO ] 2021-05-20 10:08:20.150 [main] Baseclass - username provided
[INFO ] 2021-05-20 10:08:20.260 [main] Baseclass - password provided
[INFO ] 2021-05-20 10:08:23.787 [main] Baseclass - Login passed
[INFO ] 2021-05-20 10:08:28.240 [main] Baseclass - username provided
[INFO ] 2021-05-20 10:08:28.423 [main] Baseclass - password provided
[WARN ] 2021-05-20 10:08:32.325 [main] Baseclass - Login failed
[INFO ] 2021-05-20 10:08:32.527 [main] Baseclass - username provided
[INFO ] 2021-05-20 10:08:32.693 [main] Baseclass - password provided
[INFO ] 2021-05-20 10:08:36.465 [main] Baseclass - Login passed
